<?xml version="1.0" encoding="UTF-8"?>
<testsuite xmlns:xsi="http://www.w3.org/2001/XMLSchema-instance" xsi:schemaLocation="https://maven.apache.org/surefire/maven-surefire-plugin/xsd/surefire-test-report.xsd" name="tutorial.vendingmachine.dao.VendingMachineDaoFileImplTest" time="0.047" tests="4" errors="1" skipped="0" failures="0">
  <properties>
[...]
</properties>
  <testcase name="testGetItemPrice" classname="tutorial.vendingmachine.dao.VendingMachineDaoFileImplTest" time="0.026"/>
  <testcase name="testGetAllItems" classname="tutorial.vendingmachine.dao.VendingMachineDaoFileImplTest" time="0.001"/>
  <testcase name="testGetUserItem" classname="tutorial.vendingmachine.dao.VendingMachineDaoFileImplTest" time="0.002"/>
  <testcase name="testRemoveOneItem" classname="tutorial.vendingmachine.dao.VendingMachineDaoFileImplTest" time="0.007">
    <error type="java.lang.NumberFormatException:">java.lang.NumberFormatException: null
	at tutorial.vendingmachine.dao.VendingMachineDaoFileImplTest.testRemoveOneItem(VendingMachineDaoFileImplTest.java:75)
</error>
  </testcase>
</testsuite>