-------------------------------------------------------------------------------
Test set: tutorial.vendingmachine.dao.VendingMachineDaoFileImplTest
-------------------------------------------------------------------------------
Tests run: 4, Failures: 0, Errors: 1, Skipped: 0, Time elapsed: 0.047 sec <<< FAILURE! - in tutorial.vendingmachine.dao.VendingMachineDaoFileImplTest
testRemoveOneItem  Time elapsed: 0.007 sec  <<< ERROR!
java.lang.NumberFormatException: null
	at tutorial.vendingmachine.dao.VendingMachineDaoFileImplTest.testRemoveOneItem(VendingMachineDaoFileImplTest.java:75)

